Traceback (most recent call last):
  File "/Users/marenabele/opt/anaconda3/envs/jbook/lib/python3.7/site-packages/jupyter_cache/executors/utils.py", line 56, in single_nb_execution
    record_timing=False,
  File "/Users/marenabele/opt/anaconda3/envs/jbook/lib/python3.7/site-packages/nbclient/client.py", line 1204, in execute
    return NotebookClient(nb=nb, resources=resources, km=km, **kwargs).execute()
  File "/Users/marenabele/opt/anaconda3/envs/jbook/lib/python3.7/site-packages/nbclient/util.py", line 84, in wrapped
    return just_run(coro(*args, **kwargs))
  File "/Users/marenabele/opt/anaconda3/envs/jbook/lib/python3.7/site-packages/nbclient/util.py", line 62, in just_run
    return loop.run_until_complete(coro)
  File "/Users/marenabele/opt/anaconda3/envs/jbook/lib/python3.7/asyncio/base_events.py", line 587, in run_until_complete
    return future.result()
  File "/Users/marenabele/opt/anaconda3/envs/jbook/lib/python3.7/site-packages/nbclient/client.py", line 664, in async_execute
    cell, index, execution_count=self.code_cells_executed + 1
  File "/Users/marenabele/opt/anaconda3/envs/jbook/lib/python3.7/site-packages/nbclient/client.py", line 965, in async_execute_cell
    await self._check_raise_for_error(cell, cell_index, exec_reply)
  File "/Users/marenabele/opt/anaconda3/envs/jbook/lib/python3.7/site-packages/nbclient/client.py", line 862, in _check_raise_for_error
    raise CellExecutionError.from_cell_and_msg(cell, exec_reply_content)
nbclient.exceptions.CellExecutionError: An error occurred while executing the following cell:
------------------
#https://python-pptx.readthedocs.io/en/latest/user/quickstart.html
from pptx import Presentation
from pptx.util import Inches
from pptx.util import Cm
#Maße PPTX Folien WIDTH=960 x HEIGHT=720 Pixel. in Inches = WIDTH=10 x HEIGHT=7.5 WIDTH= 8,13cm x HEIGHT=6,10cm

img_path = "report_head_ppx.png"

prs = Presentation()
title_slide_layout = prs.slide_layouts[0]
slide = prs.slides.add_slide(title_slide_layout)
title = slide.shapes.title
subtitle = slide.placeholders[1]
title.text = "TED Talk Explorer - Report"
subtitle.text = "In diesem Report werden die Ergebnisse der Datenauswertung detaillierter dargestellt."

------------------

[0;31m---------------------------------------------------------------------------[0m
[0;31mModuleNotFoundError[0m                       Traceback (most recent call last)
[0;32m/var/folders/tv/6mgdbxz10v1gpyb8f0k66_mw0000gn/T/ipykernel_7726/2524326434.py[0m in [0;36m<module>[0;34m[0m
[1;32m      1[0m [0;31m#https://python-pptx.readthedocs.io/en/latest/user/quickstart.html[0m[0;34m[0m[0;34m[0m[0;34m[0m[0m
[0;32m----> 2[0;31m [0;32mfrom[0m [0mpptx[0m [0;32mimport[0m [0mPresentation[0m[0;34m[0m[0;34m[0m[0m
[0m[1;32m      3[0m [0;32mfrom[0m [0mpptx[0m[0;34m.[0m[0mutil[0m [0;32mimport[0m [0mInches[0m[0;34m[0m[0;34m[0m[0m
[1;32m      4[0m [0;32mfrom[0m [0mpptx[0m[0;34m.[0m[0mutil[0m [0;32mimport[0m [0mCm[0m[0;34m[0m[0;34m[0m[0m
[1;32m      5[0m [0;31m#Maße PPTX Folien WIDTH=960 x HEIGHT=720 Pixel. in Inches = WIDTH=10 x HEIGHT=7.5 WIDTH= 8,13cm x HEIGHT=6,10cm[0m[0;34m[0m[0;34m[0m[0;34m[0m[0m

[0;31mModuleNotFoundError[0m: No module named 'pptx'
ModuleNotFoundError: No module named 'pptx'

