Traceback (most recent call last):
  File "/Users/marenabele/opt/anaconda3/envs/jbook/lib/python3.7/site-packages/jupyter_cache/executors/utils.py", line 56, in single_nb_execution
    record_timing=False,
  File "/Users/marenabele/opt/anaconda3/envs/jbook/lib/python3.7/site-packages/nbclient/client.py", line 1204, in execute
    return NotebookClient(nb=nb, resources=resources, km=km, **kwargs).execute()
  File "/Users/marenabele/opt/anaconda3/envs/jbook/lib/python3.7/site-packages/nbclient/util.py", line 84, in wrapped
    return just_run(coro(*args, **kwargs))
  File "/Users/marenabele/opt/anaconda3/envs/jbook/lib/python3.7/site-packages/nbclient/util.py", line 62, in just_run
    return loop.run_until_complete(coro)
  File "/Users/marenabele/opt/anaconda3/envs/jbook/lib/python3.7/asyncio/base_events.py", line 587, in run_until_complete
    return future.result()
  File "/Users/marenabele/opt/anaconda3/envs/jbook/lib/python3.7/site-packages/nbclient/client.py", line 664, in async_execute
    cell, index, execution_count=self.code_cells_executed + 1
  File "/Users/marenabele/opt/anaconda3/envs/jbook/lib/python3.7/site-packages/nbclient/client.py", line 965, in async_execute_cell
    await self._check_raise_for_error(cell, cell_index, exec_reply)
  File "/Users/marenabele/opt/anaconda3/envs/jbook/lib/python3.7/site-packages/nbclient/client.py", line 862, in _check_raise_for_error
    raise CellExecutionError.from_cell_and_msg(cell, exec_reply_content)
nbclient.exceptions.CellExecutionError: An error occurred while executing the following cell:
------------------
#Die Libraries + Packages, die gebraucht werden, werden importiert.
import pandas as pd
import numpy as np
import matplotlib.pyplot as plt
import spacy as spacy
import xlwings as xw
from collections import Counter

#Der Datensatz wird als Variable df aus der CSV importiert. 
#In diesem Datensatz werden die Inhalte mit einem Kommata getrennt. 
df = pd.read_csv("/Users/marenabele/Desktop/Data-Storytelling_2.0/Data/ted-talks.csv", sep =",")
df

#https://huppenkothen.org/data-visualization-tutorial/13-walkthrough-altair/index.html Seite für das Designen mit Altair. 
#https://altair-viz.github.io/user_guide/customization.html#user-guide-customization Seite für das Designen mit Altair.
#https://altair-viz.github.io/user_guide/configuration.html  Seite für das Designen mit Altair.
#https://www.xlwings.org Export zu Excel
------------------

[0;31m---------------------------------------------------------------------------[0m
[0;31mModuleNotFoundError[0m                       Traceback (most recent call last)
[0;32m/var/folders/tv/6mgdbxz10v1gpyb8f0k66_mw0000gn/T/ipykernel_7713/3085118155.py[0m in [0;36m<module>[0;34m[0m
[1;32m      1[0m [0;31m#Die Libraries + Packages, die gebraucht werden, werden importiert.[0m[0;34m[0m[0;34m[0m[0;34m[0m[0m
[0;32m----> 2[0;31m [0;32mimport[0m [0mpandas[0m [0;32mas[0m [0mpd[0m[0;34m[0m[0;34m[0m[0m
[0m[1;32m      3[0m [0;32mimport[0m [0mnumpy[0m [0;32mas[0m [0mnp[0m[0;34m[0m[0;34m[0m[0m
[1;32m      4[0m [0;32mimport[0m [0mmatplotlib[0m[0;34m.[0m[0mpyplot[0m [0;32mas[0m [0mplt[0m[0;34m[0m[0;34m[0m[0m
[1;32m      5[0m [0;32mimport[0m [0mspacy[0m [0;32mas[0m [0mspacy[0m[0;34m[0m[0;34m[0m[0m

[0;31mModuleNotFoundError[0m: No module named 'pandas'
ModuleNotFoundError: No module named 'pandas'

